<?xml version="1.0" encoding="UTF-8"?>
<testsuite xmlns:xsi="http://www.w3.org/2001/XMLSchema-instance" xsi:schemaLocation="https://maven.apache.org/surefire/maven-surefire-plugin/xsd/surefire-test-report.xsd" name="TestSuite" time="0.301" tests="6" errors="0" skipped="0" failures="3">
  <properties>
[...]
</properties>
  <testcase name="failingTest" classname="com.cisco.test.jenkinsTest.SampleTest" time="0.015">
    <failure message="expected [true] but found [false]" type="java.lang.AssertionError">java.lang.AssertionError: expected [true] but found [false]
	at com.cisco.test.jenkinsTest.SampleTest.failingTest(SampleTest.java:35)
</failure>
  </testcase>
  <testcase name="failingTest1" classname="com.cisco.test.jenkinsTest.SampleTest" time="0">
    <failure message="expected [true] but found [false]" type="java.lang.AssertionError">java.lang.AssertionError: expected [true] but found [false]
	at com.cisco.test.jenkinsTest.SampleTest.failingTest1(SampleTest.java:40)
</failure>
    <system-out><![CDATA[method name:failingTestresult = Fail
]]></system-out>
  </testcase>
  <testcase name="failingTest2" classname="com.cisco.test.jenkinsTest.SampleTest" time="0">
    <failure message="expected [true] but found [false]" type="java.lang.AssertionError">java.lang.AssertionError: expected [true] but found [false]
	at com.cisco.test.jenkinsTest.SampleTest.failingTest2(SampleTest.java:45)
</failure>
    <system-out><![CDATA[method name:failingTest1result = Fail
]]></system-out>
  </testcase>
  <testcase name="passingTest" classname="com.cisco.test.jenkinsTest.SampleTest" time="0"/>
  <testcase name="passingTest1" classname="com.cisco.test.jenkinsTest.SampleTest" time="0"/>
  <testcase name="passingTest2" classname="com.cisco.test.jenkinsTest.SampleTest" time="0"/>
</testsuite>